{"/home/tomon/projects/history-org/frontend/src/components/error/ErrorBoundary.tsx": {"path":"/home/tomon/projects/history-org/frontend/src/components/error/ErrorBoundary.tsx","statementMap":{"0":{"start":{"line":18,"column":22},"end":{"line":24,"column":null}},"1":{"start":{"line":20,"column":4},"end":{"line":20,"column":null}},"2":{"start":{"line":23,"column":4},"end":{"line":23,"column":null}},"3":{"start":{"line":26,"column":22},"end":{"line":29,"column":null}},"4":{"start":{"line":28,"column":4},"end":{"line":28,"column":null}},"5":{"start":{"line":31,"column":2},"end":{"line":40,"column":null}},"6":{"start":{"line":34,"column":8},"end":{"line":34,"column":null}}},"fnMap":{"0":{"name":"ErrorBoundary","decl":{"start":{"line":12,"column":16},"end":{"line":12,"column":30}},"loc":{"start":{"line":17,"column":23},"end":{"line":42,"column":null}},"line":17},"1":{"name":"(anonymous_1)","decl":{"start":{"line":18,"column":22},"end":{"line":18,"column":23}},"loc":{"start":{"line":18,"column":82},"end":{"line":24,"column":null}},"line":18},"2":{"name":"(anonymous_2)","decl":{"start":{"line":26,"column":22},"end":{"line":26,"column":28}},"loc":{"start":{"line":26,"column":28},"end":{"line":29,"column":null}},"line":26},"3":{"name":"(anonymous_3)","decl":{"start":{"line":33,"column":25},"end":{"line":33,"column":26}},"loc":{"start":{"line":34,"column":8},"end":{"line":34,"column":null}},"line":34}},"branchMap":{},"s":{"0":12,"1":6,"2":6,"3":12,"4":1,"5":12,"6":12},"f":{"0":12,"1":6,"2":1,"3":12},"b":{},"meta":{"lastBranch":0,"lastFunction":4,"lastStatement":7,"seen":{"f:12:16:12:30":0,"s:18:22:24:Infinity":0,"f:18:22:18:23":1,"s:20:4:20:Infinity":1,"s:23:4:23:Infinity":2,"s:26:22:29:Infinity":3,"f:26:22:26:28":2,"s:28:4:28:Infinity":4,"s:31:2:40:Infinity":5,"f:33:25:33:26":3,"s:34:8:34:Infinity":6}}}
,"/home/tomon/projects/history-org/frontend/src/components/error/ErrorFallback.tsx": {"path":"/home/tomon/projects/history-org/frontend/src/components/error/ErrorFallback.tsx","statementMap":{"0":{"start":{"line":12,"column":2},"end":{"line":66,"column":null}},"1":{"start":{"line":47,"column":27},"end":{"line":47,"column":null}}},"fnMap":{"0":{"name":"ErrorFallback","decl":{"start":{"line":7,"column":16},"end":{"line":7,"column":30}},"loc":{"start":{"line":11,"column":23},"end":{"line":68,"column":null}},"line":11},"1":{"name":"(anonymous_1)","decl":{"start":{"line":47,"column":21},"end":{"line":47,"column":27}},"loc":{"start":{"line":47,"column":27},"end":{"line":47,"column":null}},"line":47}},"branchMap":{"0":{"loc":{"start":{"line":10,"column":2},"end":{"line":10,"column":null}},"type":"default-arg","locations":[{"start":{"line":10,"column":10},"end":{"line":10,"column":null}}],"line":10},"1":{"loc":{"start":{"line":35,"column":11},"end":{"line":35,"column":null}},"type":"binary-expr","locations":[{"start":{"line":35,"column":11},"end":{"line":35,"column":28}},{"start":{"line":35,"column":28},"end":{"line":35,"column":null}}],"line":35},"2":{"loc":{"start":{"line":55,"column":9},"end":{"line":63,"column":null}},"type":"binary-expr","locations":[{"start":{"line":55,"column":9},"end":{"line":55,"column":null}},{"start":{"line":56,"column":10},"end":{"line":63,"column":null}}],"line":55}},"s":{"0":12,"1":0},"f":{"0":12,"1":0},"b":{"0":[12],"1":[12,0],"2":[12,12]},"meta":{"lastBranch":3,"lastFunction":2,"lastStatement":2,"seen":{"f:7:16:7:30":0,"b:10:10:10:Infinity":0,"s:12:2:66:Infinity":0,"b:35:11:35:28:35:28:35:Infinity":1,"f:47:21:47:27":1,"s:47:27:47:Infinity":1,"b:55:9:55:Infinity:56:10:63:Infinity":2}}}
,"/home/tomon/projects/history-org/frontend/src/components/error/NotFound.tsx": {"path":"/home/tomon/projects/history-org/frontend/src/components/error/NotFound.tsx","statementMap":{"0":{"start":{"line":4,"column":2},"end":{"line":34,"column":null}}},"fnMap":{"0":{"name":"NotFound","decl":{"start":{"line":3,"column":16},"end":{"line":3,"column":27}},"loc":{"start":{"line":3,"column":27},"end":{"line":36,"column":null}},"line":3}},"branchMap":{},"s":{"0":3},"f":{"0":3},"b":{},"meta":{"lastBranch":0,"lastFunction":1,"lastStatement":1,"seen":{"f:3:16:3:27":0,"s:4:2:34:Infinity":0}}}
,"/home/tomon/projects/history-org/frontend/src/components/feedback/ToastProvider.tsx": {"path":"/home/tomon/projects/history-org/frontend/src/components/feedback/ToastProvider.tsx","statementMap":{"0":{"start":{"line":4,"column":2},"end":{"line":18,"column":null}}},"fnMap":{"0":{"name":"ToastProvider","decl":{"start":{"line":3,"column":16},"end":{"line":3,"column":32}},"loc":{"start":{"line":3,"column":32},"end":{"line":20,"column":null}},"line":3}},"branchMap":{},"s":{"0":2},"f":{"0":2},"b":{},"meta":{"lastBranch":0,"lastFunction":1,"lastStatement":1,"seen":{"f:3:16:3:32":0,"s:4:2:18:Infinity":0}}}
,"/home/tomon/projects/history-org/frontend/src/components/feedback/useToast.ts": {"path":"/home/tomon/projects/history-org/frontend/src/components/feedback/useToast.ts","statementMap":{"0":{"start":{"line":13,"column":18},"end":{"line":19,"column":null}},"1":{"start":{"line":14,"column":4},"end":{"line":18,"column":null}},"2":{"start":{"line":21,"column":16},"end":{"line":27,"column":null}},"3":{"start":{"line":22,"column":4},"end":{"line":26,"column":null}},"4":{"start":{"line":29,"column":18},"end":{"line":35,"column":null}},"5":{"start":{"line":30,"column":4},"end":{"line":34,"column":null}},"6":{"start":{"line":37,"column":15},"end":{"line":43,"column":null}},"7":{"start":{"line":38,"column":4},"end":{"line":42,"column":null}},"8":{"start":{"line":45,"column":18},"end":{"line":47,"column":null}},"9":{"start":{"line":46,"column":4},"end":{"line":46,"column":null}},"10":{"start":{"line":49,"column":18},"end":{"line":51,"column":null}},"11":{"start":{"line":50,"column":4},"end":{"line":50,"column":null}},"12":{"start":{"line":53,"column":18},"end":{"line":62,"column":null}},"13":{"start":{"line":61,"column":4},"end":{"line":61,"column":null}},"14":{"start":{"line":64,"column":2},"end":{"line":72,"column":null}}},"fnMap":{"0":{"name":"useToast","decl":{"start":{"line":12,"column":16},"end":{"line":12,"column":27}},"loc":{"start":{"line":12,"column":27},"end":{"line":73,"column":null}},"line":12},"1":{"name":"(anonymous_1)","decl":{"start":{"line":13,"column":18},"end":{"line":13,"column":19}},"loc":{"start":{"line":13,"column":63},"end":{"line":19,"column":null}},"line":13},"2":{"name":"(anonymous_2)","decl":{"start":{"line":21,"column":16},"end":{"line":21,"column":17}},"loc":{"start":{"line":21,"column":61},"end":{"line":27,"column":null}},"line":21},"3":{"name":"(anonymous_3)","decl":{"start":{"line":29,"column":18},"end":{"line":29,"column":19}},"loc":{"start":{"line":29,"column":63},"end":{"line":35,"column":null}},"line":29},"4":{"name":"(anonymous_4)","decl":{"start":{"line":37,"column":15},"end":{"line":37,"column":16}},"loc":{"start":{"line":37,"column":60},"end":{"line":43,"column":null}},"line":37},"5":{"name":"(anonymous_5)","decl":{"start":{"line":45,"column":18},"end":{"line":45,"column":19}},"loc":{"start":{"line":45,"column":39},"end":{"line":47,"column":null}},"line":45},"6":{"name":"(anonymous_6)","decl":{"start":{"line":49,"column":18},"end":{"line":49,"column":19}},"loc":{"start":{"line":49,"column":49},"end":{"line":51,"column":null}},"line":49},"7":{"name":"(anonymous_7)","decl":{"start":{"line":53,"column":18},"end":{"line":53,"column":null}},"loc":{"start":{"line":60,"column":7},"end":{"line":62,"column":null}},"line":60}},"branchMap":{"0":{"loc":{"start":{"line":23,"column":16},"end":{"line":23,"column":null}},"type":"binary-expr","locations":[{"start":{"line":23,"column":16},"end":{"line":23,"column":37}},{"start":{"line":23,"column":37},"end":{"line":23,"column":null}}],"line":23}},"s":{"0":10,"1":3,"2":10,"3":2,"4":10,"5":1,"6":10,"7":1,"8":10,"9":1,"10":10,"11":1,"12":10,"13":1,"14":10},"f":{"0":10,"1":3,"2":2,"3":1,"4":1,"5":1,"6":1,"7":1},"b":{"0":[2,1]},"meta":{"lastBranch":1,"lastFunction":8,"lastStatement":15,"seen":{"f:12:16:12:27":0,"s:13:18:19:Infinity":0,"f:13:18:13:19":1,"s:14:4:18:Infinity":1,"s:21:16:27:Infinity":2,"f:21:16:21:17":2,"s:22:4:26:Infinity":3,"b:23:16:23:37:23:37:23:Infinity":0,"s:29:18:35:Infinity":4,"f:29:18:29:19":3,"s:30:4:34:Infinity":5,"s:37:15:43:Infinity":6,"f:37:15:37:16":4,"s:38:4:42:Infinity":7,"s:45:18:47:Infinity":8,"f:45:18:45:19":5,"s:46:4:46:Infinity":9,"s:49:18:51:Infinity":10,"f:49:18:49:19":6,"s:50:4:50:Infinity":11,"s:53:18:62:Infinity":12,"f:53:18:53:Infinity":7,"s:61:4:61:Infinity":13,"s:64:2:72:Infinity":14}}}
,"/home/tomon/projects/history-org/frontend/src/components/loading/PageLoader.tsx": {"path":"/home/tomon/projects/history-org/frontend/src/components/loading/PageLoader.tsx","statementMap":{"0":{"start":{"line":6,"column":2},"end":{"line":13,"column":null}}},"fnMap":{"0":{"name":"PageLoader","decl":{"start":{"line":5,"column":16},"end":{"line":5,"column":27}},"loc":{"start":{"line":5,"column":72},"end":{"line":15,"column":null}},"line":5}},"branchMap":{"0":{"loc":{"start":{"line":5,"column":29},"end":{"line":5,"column":52}},"type":"default-arg","locations":[{"start":{"line":5,"column":39},"end":{"line":5,"column":52}}],"line":5}},"s":{"0":3},"f":{"0":3},"b":{"0":[3]},"meta":{"lastBranch":1,"lastFunction":1,"lastStatement":1,"seen":{"f:5:16:5:27":0,"b:5:39:5:52":0,"s:6:2:13:Infinity":0}}}
,"/home/tomon/projects/history-org/frontend/src/components/loading/Skeleton.tsx": {"path":"/home/tomon/projects/history-org/frontend/src/components/loading/Skeleton.tsx","statementMap":{"0":{"start":{"line":18,"column":22},"end":{"line":18,"column":null}},"1":{"start":{"line":20,"column":25},"end":{"line":24,"column":null}},"2":{"start":{"line":26,"column":16},"end":{"line":29,"column":null}},"3":{"start":{"line":31,"column":2},"end":{"line":46,"column":null}},"4":{"start":{"line":32,"column":4},"end":{"line":44,"column":null}},"5":{"start":{"line":35,"column":10},"end":{"line":42,"column":null}},"6":{"start":{"line":48,"column":2},"end":{"line":53,"column":null}},"7":{"start":{"line":59,"column":2},"end":{"line":64,"column":null}},"8":{"start":{"line":69,"column":2},"end":{"line":80,"column":null}},"9":{"start":{"line":72,"column":8},"end":{"line":78,"column":null}}},"fnMap":{"0":{"name":"Skeleton","decl":{"start":{"line":10,"column":16},"end":{"line":10,"column":25}},"loc":{"start":{"line":17,"column":18},"end":{"line":55,"column":null}},"line":17},"1":{"name":"(anonymous_1)","decl":{"start":{"line":34,"column":43},"end":{"line":34,"column":44}},"loc":{"start":{"line":35,"column":10},"end":{"line":42,"column":null}},"line":35},"2":{"name":"CardSkeleton","decl":{"start":{"line":58,"column":16},"end":{"line":58,"column":31}},"loc":{"start":{"line":58,"column":31},"end":{"line":66,"column":null}},"line":58},"3":{"name":"ListSkeleton","decl":{"start":{"line":68,"column":16},"end":{"line":68,"column":29}},"loc":{"start":{"line":68,"column":64},"end":{"line":82,"column":null}},"line":68},"4":{"name":"(anonymous_4)","decl":{"start":{"line":71,"column":41},"end":{"line":71,"column":42}},"loc":{"start":{"line":72,"column":8},"end":{"line":78,"column":null}},"line":72}},"branchMap":{"0":{"loc":{"start":{"line":11,"column":2},"end":{"line":11,"column":null}},"type":"default-arg","locations":[{"start":{"line":11,"column":12},"end":{"line":11,"column":null}}],"line":11},"1":{"loc":{"start":{"line":14,"column":2},"end":{"line":14,"column":null}},"type":"default-arg","locations":[{"start":{"line":14,"column":10},"end":{"line":14,"column":null}}],"line":14},"2":{"loc":{"start":{"line":15,"column":2},"end":{"line":15,"column":null}},"type":"default-arg","locations":[{"start":{"line":15,"column":14},"end":{"line":15,"column":null}}],"line":15},"3":{"loc":{"start":{"line":27,"column":11},"end":{"line":27,"column":null}},"type":"cond-expr","locations":[{"start":{"line":27,"column":39},"end":{"line":27,"column":54}},{"start":{"line":27,"column":54},"end":{"line":27,"column":null}}],"line":27},"4":{"loc":{"start":{"line":28,"column":12},"end":{"line":28,"column":null}},"type":"cond-expr","locations":[{"start":{"line":28,"column":41},"end":{"line":28,"column":57}},{"start":{"line":28,"column":57},"end":{"line":28,"column":null}}],"line":28},"5":{"loc":{"start":{"line":31,"column":2},"end":{"line":46,"column":null}},"type":"if","locations":[{"start":{"line":31,"column":2},"end":{"line":46,"column":null}},{"start":{},"end":{}}],"line":31},"6":{"loc":{"start":{"line":40,"column":21},"end":{"line":40,"column":null}},"type":"cond-expr","locations":[{"start":{"line":40,"column":39},"end":{"line":40,"column":47}},{"start":{"line":40,"column":47},"end":{"line":40,"column":null}}],"line":40},"7":{"loc":{"start":{"line":68,"column":31},"end":{"line":68,"column":41}},"type":"default-arg","locations":[{"start":{"line":68,"column":39},"end":{"line":68,"column":41}}],"line":68}},"s":{"0":34,"1":34,"2":34,"3":34,"4":3,"5":9,"6":31,"7":1,"8":2,"9":8},"f":{"0":34,"1":9,"2":1,"3":2,"4":8},"b":{"0":[34],"1":[34],"2":[34],"3":[9,25],"4":[10,24],"5":[3,31],"6":[3,6],"7":[2]},"meta":{"lastBranch":8,"lastFunction":5,"lastStatement":10,"seen":{"f:10:16:10:25":0,"b:11:12:11:Infinity":0,"b:14:10:14:Infinity":1,"b:15:14:15:Infinity":2,"s:18:22:18:Infinity":0,"s:20:25:24:Infinity":1,"s:26:16:29:Infinity":2,"b:27:39:27:54:27:54:27:Infinity":3,"b:28:41:28:57:28:57:28:Infinity":4,"b:31:2:46:Infinity:undefined:undefined:undefined:undefined":5,"s:31:2:46:Infinity":3,"s:32:4:44:Infinity":4,"f:34:43:34:44":1,"s:35:10:42:Infinity":5,"b:40:39:40:47:40:47:40:Infinity":6,"s:48:2:53:Infinity":6,"f:58:16:58:31":2,"s:59:2:64:Infinity":7,"f:68:16:68:29":3,"b:68:39:68:41":7,"s:69:2:80:Infinity":8,"f:71:41:71:42":4,"s:72:8:78:Infinity":9}}}
,"/home/tomon/projects/history-org/frontend/src/components/loading/SuspenseWrapper.tsx": {"path":"/home/tomon/projects/history-org/frontend/src/components/loading/SuspenseWrapper.tsx","statementMap":{"0":{"start":{"line":16,"column":2},"end":{"line":19,"column":null}}},"fnMap":{"0":{"name":"SuspenseWrapper","decl":{"start":{"line":11,"column":16},"end":{"line":11,"column":32}},"loc":{"start":{"line":15,"column":25},"end":{"line":21,"column":null}},"line":15}},"branchMap":{"0":{"loc":{"start":{"line":17,"column":24},"end":{"line":17,"column":null}},"type":"binary-expr","locations":[{"start":{"line":17,"column":24},"end":{"line":17,"column":36}},{"start":{"line":17,"column":36},"end":{"line":17,"column":null}}],"line":17}},"s":{"0":3},"f":{"0":3},"b":{"0":[3,2]},"meta":{"lastBranch":1,"lastFunction":1,"lastStatement":1,"seen":{"f:11:16:11:32":0,"s:16:2:19:Infinity":0,"b:17:24:17:36:17:36:17:Infinity":0}}}
,"/home/tomon/projects/history-org/frontend/src/features/auth/context/AuthContext.tsx": {"path":"/home/tomon/projects/history-org/frontend/src/features/auth/context/AuthContext.tsx","statementMap":{"0":{"start":{"line":6,"column":18},"end":{"line":6,"column":null}},"1":{"start":{"line":7,"column":17},"end":{"line":7,"column":null}},"2":{"start":{"line":10,"column":2},"end":{"line":14,"column":null}},"3":{"start":{"line":11,"column":4},"end":{"line":11,"column":null}},"4":{"start":{"line":13,"column":4},"end":{"line":13,"column":null}},"5":{"start":{"line":18,"column":2},"end":{"line":23,"column":null}},"6":{"start":{"line":19,"column":21},"end":{"line":19,"column":null}},"7":{"start":{"line":20,"column":4},"end":{"line":20,"column":null}},"8":{"start":{"line":22,"column":4},"end":{"line":22,"column":null}},"9":{"start":{"line":27,"column":2},"end":{"line":32,"column":null}},"10":{"start":{"line":28,"column":4},"end":{"line":28,"column":null}},"11":{"start":{"line":29,"column":4},"end":{"line":29,"column":null}},"12":{"start":{"line":36,"column":2},"end":{"line":41,"column":null}},"13":{"start":{"line":37,"column":4},"end":{"line":37,"column":null}},"14":{"start":{"line":38,"column":4},"end":{"line":38,"column":null}},"15":{"start":{"line":45,"column":24},"end":{"line":54,"column":null}},"16":{"start":{"line":46,"column":18},"end":{"line":46,"column":null}},"17":{"start":{"line":47,"column":17},"end":{"line":47,"column":null}},"18":{"start":{"line":48,"column":4},"end":{"line":53,"column":null}},"19":{"start":{"line":56,"column":8},"end":{"line":68,"column":null}},"20":{"start":{"line":57,"column":4},"end":{"line":61,"column":null}},"21":{"start":{"line":58,"column":6},"end":{"line":58,"column":null}},"22":{"start":{"line":60,"column":6},"end":{"line":60,"column":null}},"23":{"start":{"line":62,"column":4},"end":{"line":67,"column":null}},"24":{"start":{"line":70,"column":8},"end":{"line":82,"column":null}},"25":{"start":{"line":72,"column":6},"end":{"line":72,"column":null}},"26":{"start":{"line":72,"column":26},"end":{"line":72,"column":55}},"27":{"start":{"line":73,"column":6},"end":{"line":79,"column":null}},"28":{"start":{"line":74,"column":25},"end":{"line":74,"column":null}},"29":{"start":{"line":75,"column":8},"end":{"line":75,"column":null}},"30":{"start":{"line":77,"column":8},"end":{"line":77,"column":null}},"31":{"start":{"line":77,"column":28},"end":{"line":77,"column":58}},"32":{"start":{"line":78,"column":8},"end":{"line":78,"column":null}},"33":{"start":{"line":84,"column":8},"end":{"line":96,"column":null}},"34":{"start":{"line":86,"column":6},"end":{"line":86,"column":null}},"35":{"start":{"line":86,"column":26},"end":{"line":86,"column":55}},"36":{"start":{"line":87,"column":6},"end":{"line":93,"column":null}},"37":{"start":{"line":88,"column":25},"end":{"line":88,"column":null}},"38":{"start":{"line":89,"column":8},"end":{"line":89,"column":null}},"39":{"start":{"line":91,"column":8},"end":{"line":91,"column":null}},"40":{"start":{"line":91,"column":28},"end":{"line":91,"column":58}},"41":{"start":{"line":92,"column":8},"end":{"line":92,"column":null}},"42":{"start":{"line":98,"column":8},"end":{"line":100,"column":null}},"43":{"start":{"line":99,"column":4},"end":{"line":99,"column":null}},"44":{"start":{"line":102,"column":8},"end":{"line":112,"column":null}},"45":{"start":{"line":103,"column":4},"end":{"line":103,"column":null}},"46":{"start":{"line":103,"column":22},"end":{"line":103,"column":null}},"47":{"start":{"line":104,"column":4},"end":{"line":111,"column":null}},"48":{"start":{"line":105,"column":19},"end":{"line":105,"column":null}},"49":{"start":{"line":106,"column":6},"end":{"line":106,"column":null}},"50":{"start":{"line":106,"column":26},"end":{"line":106,"column":62}},"51":{"start":{"line":107,"column":6},"end":{"line":107,"column":null}},"52":{"start":{"line":110,"column":6},"end":{"line":110,"column":null}},"53":{"start":{"line":115,"column":2},"end":{"line":136,"column":null}},"54":{"start":{"line":117,"column":6},"end":{"line":117,"column":null}},"55":{"start":{"line":117,"column":24},"end":{"line":117,"column":null}},"56":{"start":{"line":118,"column":6},"end":{"line":130,"column":null}},"57":{"start":{"line":119,"column":21},"end":{"line":119,"column":null}},"58":{"start":{"line":120,"column":8},"end":{"line":120,"column":null}},"59":{"start":{"line":120,"column":28},"end":{"line":120,"column":64}},"60":{"start":{"line":121,"column":8},"end":{"line":121,"column":null}},"61":{"start":{"line":123,"column":8},"end":{"line":123,"column":null}},"62":{"start":{"line":124,"column":8},"end":{"line":129,"column":null}},"63":{"start":{"line":133,"column":4},"end":{"line":135,"column":null}},"64":{"start":{"line":134,"column":6},"end":{"line":134,"column":null}},"65":{"start":{"line":138,"column":33},"end":{"line":144,"column":null}},"66":{"start":{"line":146,"column":2},"end":{"line":146,"column":null}}},"fnMap":{"0":{"name":"getStoredToken","decl":{"start":{"line":9,"column":9},"end":{"line":9,"column":41}},"loc":{"start":{"line":9,"column":41},"end":{"line":15,"column":null}},"line":9},"1":{"name":"getStoredUser","decl":{"start":{"line":17,"column":9},"end":{"line":17,"column":38}},"loc":{"start":{"line":17,"column":38},"end":{"line":24,"column":null}},"line":17},"2":{"name":"storeAuth","decl":{"start":{"line":26,"column":9},"end":{"line":26,"column":19}},"loc":{"start":{"line":26,"column":52},"end":{"line":33,"column":null}},"line":26},"3":{"name":"clearStoredAuth","decl":{"start":{"line":35,"column":9},"end":{"line":35,"column":33}},"loc":{"start":{"line":35,"column":33},"end":{"line":42,"column":null}},"line":35},"4":{"name":"AuthProvider","decl":{"start":{"line":44,"column":16},"end":{"line":44,"column":29}},"loc":{"start":{"line":44,"column":68},"end":{"line":147,"column":null}},"line":44},"5":{"name":"(anonymous_5)","decl":{"start":{"line":45,"column":48},"end":{"line":45,"column":54}},"loc":{"start":{"line":45,"column":54},"end":{"line":54,"column":3}},"line":45},"6":{"name":"(anonymous_6)","decl":{"start":{"line":56,"column":30},"end":{"line":56,"column":31}},"loc":{"start":{"line":56,"column":75},"end":{"line":68,"column":5}},"line":56},"7":{"name":"(anonymous_7)","decl":{"start":{"line":71,"column":4},"end":{"line":71,"column":11}},"loc":{"start":{"line":71,"column":45},"end":{"line":80,"column":null}},"line":71},"8":{"name":"(anonymous_8)","decl":{"start":{"line":72,"column":15},"end":{"line":72,"column":16}},"loc":{"start":{"line":72,"column":26},"end":{"line":72,"column":55}},"line":72},"9":{"name":"(anonymous_9)","decl":{"start":{"line":77,"column":17},"end":{"line":77,"column":18}},"loc":{"start":{"line":77,"column":28},"end":{"line":77,"column":58}},"line":77},"10":{"name":"(anonymous_10)","decl":{"start":{"line":85,"column":4},"end":{"line":85,"column":11}},"loc":{"start":{"line":85,"column":48},"end":{"line":94,"column":null}},"line":85},"11":{"name":"(anonymous_11)","decl":{"start":{"line":86,"column":15},"end":{"line":86,"column":16}},"loc":{"start":{"line":86,"column":26},"end":{"line":86,"column":55}},"line":86},"12":{"name":"(anonymous_12)","decl":{"start":{"line":91,"column":17},"end":{"line":91,"column":18}},"loc":{"start":{"line":91,"column":28},"end":{"line":91,"column":58}},"line":91},"13":{"name":"(anonymous_13)","decl":{"start":{"line":98,"column":29},"end":{"line":98,"column":35}},"loc":{"start":{"line":98,"column":35},"end":{"line":100,"column":5}},"line":98},"14":{"name":"(anonymous_14)","decl":{"start":{"line":102,"column":34},"end":{"line":102,"column":46}},"loc":{"start":{"line":102,"column":46},"end":{"line":112,"column":5}},"line":102},"15":{"name":"(anonymous_15)","decl":{"start":{"line":106,"column":15},"end":{"line":106,"column":16}},"loc":{"start":{"line":106,"column":26},"end":{"line":106,"column":62}},"line":106},"16":{"name":"(anonymous_16)","decl":{"start":{"line":115,"column":12},"end":{"line":115,"column":18}},"loc":{"start":{"line":115,"column":18},"end":{"line":136,"column":5}},"line":115},"17":{"name":"validateToken","decl":{"start":{"line":116,"column":19},"end":{"line":116,"column":50}},"loc":{"start":{"line":116,"column":50},"end":{"line":131,"column":null}},"line":116},"18":{"name":"(anonymous_18)","decl":{"start":{"line":120,"column":17},"end":{"line":120,"column":18}},"loc":{"start":{"line":120,"column":28},"end":{"line":120,"column":64}},"line":120}},"branchMap":{"0":{"loc":{"start":{"line":20,"column":11},"end":{"line":20,"column":null}},"type":"cond-expr","locations":[{"start":{"line":20,"column":23},"end":{"line":20,"column":55}},{"start":{"line":20,"column":55},"end":{"line":20,"column":null}}],"line":20},"1":{"loc":{"start":{"line":51,"column":23},"end":{"line":51,"column":null}},"type":"binary-expr","locations":[{"start":{"line":51,"column":23},"end":{"line":51,"column":34}},{"start":{"line":51,"column":34},"end":{"line":51,"column":null}}],"line":51},"2":{"loc":{"start":{"line":57,"column":4},"end":{"line":61,"column":null}},"type":"if","locations":[{"start":{"line":57,"column":4},"end":{"line":61,"column":null}},{"start":{"line":59,"column":11},"end":{"line":61,"column":null}}],"line":57},"3":{"loc":{"start":{"line":57,"column":8},"end":{"line":57,"column":23}},"type":"binary-expr","locations":[{"start":{"line":57,"column":8},"end":{"line":57,"column":17}},{"start":{"line":57,"column":17},"end":{"line":57,"column":23}}],"line":57},"4":{"loc":{"start":{"line":65,"column":23},"end":{"line":65,"column":null}},"type":"binary-expr","locations":[{"start":{"line":65,"column":23},"end":{"line":65,"column":34}},{"start":{"line":65,"column":34},"end":{"line":65,"column":null}}],"line":65},"5":{"loc":{"start":{"line":103,"column":4},"end":{"line":103,"column":null}},"type":"if","locations":[{"start":{"line":103,"column":4},"end":{"line":103,"column":null}},{"start":{},"end":{}}],"line":103},"6":{"loc":{"start":{"line":117,"column":6},"end":{"line":117,"column":null}},"type":"if","locations":[{"start":{"line":117,"column":6},"end":{"line":117,"column":null}},{"start":{},"end":{}}],"line":117},"7":{"loc":{"start":{"line":133,"column":4},"end":{"line":135,"column":null}},"type":"if","locations":[{"start":{"line":133,"column":4},"end":{"line":135,"column":null}},{"start":{},"end":{}}],"line":133},"8":{"loc":{"start":{"line":133,"column":8},"end":{"line":133,"column":40}},"type":"binary-expr","locations":[{"start":{"line":133,"column":8},"end":{"line":133,"column":23}},{"start":{"line":133,"column":23},"end":{"line":133,"column":40}}],"line":133}},"s":{"0":1,"1":1,"2":6,"3":6,"4":0,"5":6,"6":6,"7":6,"8":0,"9":4,"10":4,"11":4,"12":2,"13":2,"14":2,"15":12,"16":6,"17":6,"18":6,"19":12,"20":4,"21":3,"22":1,"23":4,"24":12,"25":2,"26":2,"27":2,"28":2,"29":2,"30":0,"31":0,"32":0,"33":12,"34":1,"35":1,"36":1,"37":1,"38":1,"39":0,"40":0,"41":0,"42":12,"43":1,"44":12,"45":0,"46":0,"47":0,"48":0,"49":0,"50":0,"51":0,"52":0,"53":12,"54":2,"55":0,"56":2,"57":2,"58":1,"59":1,"60":1,"61":1,"62":1,"63":12,"64":2,"65":12,"66":12},"f":{"0":6,"1":6,"2":4,"3":2,"4":12,"5":6,"6":4,"7":2,"8":2,"9":0,"10":1,"11":1,"12":0,"13":1,"14":0,"15":0,"16":12,"17":2,"18":1},"b":{"0":[2,4],"1":[6,2],"2":[3,1],"3":[4,3],"4":[4,3],"5":[0,0],"6":[0,2],"7":[2,10],"8":[12,6]},"meta":{"lastBranch":9,"lastFunction":19,"lastStatement":67,"seen":{"s:6:18:6:Infinity":0,"s:7:17:7:Infinity":1,"f:9:9:9:41":0,"s:10:2:14:Infinity":2,"s:11:4:11:Infinity":3,"s:13:4:13:Infinity":4,"f:17:9:17:38":1,"s:18:2:23:Infinity":5,"s:19:21:19:Infinity":6,"s:20:4:20:Infinity":7,"b:20:23:20:55:20:55:20:Infinity":0,"s:22:4:22:Infinity":8,"f:26:9:26:19":2,"s:27:2:32:Infinity":9,"s:28:4:28:Infinity":10,"s:29:4:29:Infinity":11,"f:35:9:35:33":3,"s:36:2:41:Infinity":12,"s:37:4:37:Infinity":13,"s:38:4:38:Infinity":14,"f:44:16:44:29":4,"s:45:24:54:Infinity":15,"f:45:48:45:54":5,"s:46:18:46:Infinity":16,"s:47:17:47:Infinity":17,"s:48:4:53:Infinity":18,"b:51:23:51:34:51:34:51:Infinity":1,"s:56:8:68:Infinity":19,"f:56:30:56:31":6,"b:57:4:61:Infinity:59:11:61:Infinity":2,"s:57:4:61:Infinity":20,"b:57:8:57:17:57:17:57:23":3,"s:58:6:58:Infinity":21,"s:60:6:60:Infinity":22,"s:62:4:67:Infinity":23,"b:65:23:65:34:65:34:65:Infinity":4,"s:70:8:82:Infinity":24,"f:71:4:71:11":7,"s:72:6:72:Infinity":25,"f:72:15:72:16":8,"s:72:26:72:55":26,"s:73:6:79:Infinity":27,"s:74:25:74:Infinity":28,"s:75:8:75:Infinity":29,"s:77:8:77:Infinity":30,"f:77:17:77:18":9,"s:77:28:77:58":31,"s:78:8:78:Infinity":32,"s:84:8:96:Infinity":33,"f:85:4:85:11":10,"s:86:6:86:Infinity":34,"f:86:15:86:16":11,"s:86:26:86:55":35,"s:87:6:93:Infinity":36,"s:88:25:88:Infinity":37,"s:89:8:89:Infinity":38,"s:91:8:91:Infinity":39,"f:91:17:91:18":12,"s:91:28:91:58":40,"s:92:8:92:Infinity":41,"s:98:8:100:Infinity":42,"f:98:29:98:35":13,"s:99:4:99:Infinity":43,"s:102:8:112:Infinity":44,"f:102:34:102:46":14,"b:103:4:103:Infinity:undefined:undefined:undefined:undefined":5,"s:103:4:103:Infinity":45,"s:103:22:103:Infinity":46,"s:104:4:111:Infinity":47,"s:105:19:105:Infinity":48,"s:106:6:106:Infinity":49,"f:106:15:106:16":15,"s:106:26:106:62":50,"s:107:6:107:Infinity":51,"s:110:6:110:Infinity":52,"s:115:2:136:Infinity":53,"f:115:12:115:18":16,"f:116:19:116:50":17,"b:117:6:117:Infinity:undefined:undefined:undefined:undefined":6,"s:117:6:117:Infinity":54,"s:117:24:117:Infinity":55,"s:118:6:130:Infinity":56,"s:119:21:119:Infinity":57,"s:120:8:120:Infinity":58,"f:120:17:120:18":18,"s:120:28:120:64":59,"s:121:8:121:Infinity":60,"s:123:8:123:Infinity":61,"s:124:8:129:Infinity":62,"b:133:4:135:Infinity:undefined:undefined:undefined:undefined":7,"s:133:4:135:Infinity":63,"b:133:8:133:23:133:23:133:40":8,"s:134:6:134:Infinity":64,"s:138:33:144:Infinity":65,"s:146:2:146:Infinity":66}}}
,"/home/tomon/projects/history-org/frontend/src/features/auth/context/auth-context.ts": {"path":"/home/tomon/projects/history-org/frontend/src/features/auth/context/auth-context.ts","statementMap":{"0":{"start":{"line":15,"column":13},"end":{"line":17,"column":null}}},"fnMap":{},"branchMap":{},"s":{"0":1},"f":{},"b":{},"meta":{"lastBranch":0,"lastFunction":0,"lastStatement":1,"seen":{"s:15:13:17:Infinity":0}}}
,"/home/tomon/projects/history-org/frontend/src/features/auth/context/useAuth.ts": {"path":"/home/tomon/projects/history-org/frontend/src/features/auth/context/useAuth.ts","statementMap":{"0":{"start":{"line":5,"column":8},"end":{"line":5,"column":null}},"1":{"start":{"line":6,"column":2},"end":{"line":8,"column":null}},"2":{"start":{"line":7,"column":4},"end":{"line":7,"column":null}},"3":{"start":{"line":9,"column":2},"end":{"line":9,"column":null}}},"fnMap":{"0":{"name":"useAuth","decl":{"start":{"line":4,"column":16},"end":{"line":4,"column":43}},"loc":{"start":{"line":4,"column":43},"end":{"line":10,"column":null}},"line":4}},"branchMap":{"0":{"loc":{"start":{"line":6,"column":2},"end":{"line":8,"column":null}},"type":"if","locations":[{"start":{"line":6,"column":2},"end":{"line":8,"column":null}},{"start":{},"end":{}}],"line":6}},"s":{"0":14,"1":14,"2":2,"3":12},"f":{"0":14},"b":{"0":[2,12]},"meta":{"lastBranch":1,"lastFunction":1,"lastStatement":4,"seen":{"f:4:16:4:43":0,"s:5:8:5:Infinity":0,"b:6:2:8:Infinity:undefined:undefined:undefined:undefined":0,"s:6:2:8:Infinity":1,"s:7:4:7:Infinity":2,"s:9:2:9:Infinity":3}}}
,"/home/tomon/projects/history-org/frontend/src/features/auth/pages/LoginPage.tsx": {"path":"/home/tomon/projects/history-org/frontend/src/features/auth/pages/LoginPage.tsx","statementMap":{"0":{"start":{"line":7,"column":27},"end":{"line":7,"column":null}},"1":{"start":{"line":8,"column":8},"end":{"line":8,"column":null}},"2":{"start":{"line":9,"column":8},"end":{"line":9,"column":null}},"3":{"start":{"line":11,"column":24},"end":{"line":11,"column":null}},"4":{"start":{"line":12,"column":30},"end":{"line":12,"column":null}},"5":{"start":{"line":13,"column":38},"end":{"line":13,"column":null}},"6":{"start":{"line":14,"column":24},"end":{"line":14,"column":null}},"7":{"start":{"line":16,"column":16},"end":{"line":17,"column":null}},"8":{"start":{"line":19,"column":23},"end":{"line":33,"column":null}},"9":{"start":{"line":20,"column":4},"end":{"line":20,"column":null}},"10":{"start":{"line":21,"column":4},"end":{"line":21,"column":null}},"11":{"start":{"line":23,"column":4},"end":{"line":32,"column":null}},"12":{"start":{"line":24,"column":6},"end":{"line":24,"column":null}},"13":{"start":{"line":25,"column":6},"end":{"line":25,"column":null}},"14":{"start":{"line":28,"column":8},"end":{"line":30,"column":null}},"15":{"start":{"line":31,"column":6},"end":{"line":31,"column":null}},"16":{"start":{"line":35,"column":2},"end":{"line":130,"column":null}},"17":{"start":{"line":68,"column":33},"end":{"line":68,"column":null}},"18":{"start":{"line":88,"column":35},"end":{"line":88,"column":null}},"19":{"start":{"line":96,"column":33},"end":{"line":96,"column":null}}},"fnMap":{"0":{"name":"LoginPage","decl":{"start":{"line":6,"column":9},"end":{"line":6,"column":21}},"loc":{"start":{"line":6,"column":21},"end":{"line":132,"column":null}},"line":6},"1":{"name":"(anonymous_1)","decl":{"start":{"line":19,"column":23},"end":{"line":19,"column":30}},"loc":{"start":{"line":19,"column":47},"end":{"line":33,"column":null}},"line":19},"2":{"name":"(anonymous_2)","decl":{"start":{"line":68,"column":26},"end":{"line":68,"column":27}},"loc":{"start":{"line":68,"column":33},"end":{"line":68,"column":null}},"line":68},"3":{"name":"(anonymous_3)","decl":{"start":{"line":88,"column":28},"end":{"line":88,"column":29}},"loc":{"start":{"line":88,"column":35},"end":{"line":88,"column":null}},"line":88},"4":{"name":"(anonymous_4)","decl":{"start":{"line":96,"column":27},"end":{"line":96,"column":33}},"loc":{"start":{"line":96,"column":33},"end":{"line":96,"column":null}},"line":96}},"branchMap":{"0":{"loc":{"start":{"line":16,"column":16},"end":{"line":17,"column":null}},"type":"binary-expr","locations":[{"start":{"line":16,"column":16},"end":{"line":17,"column":18}},{"start":{"line":17,"column":18},"end":{"line":17,"column":null}}],"line":16},"1":{"loc":{"start":{"line":28,"column":8},"end":{"line":30,"column":null}},"type":"cond-expr","locations":[{"start":{"line":29,"column":12},"end":{"line":29,"column":null}},{"start":{"line":30,"column":12},"end":{"line":30,"column":null}}],"line":28},"2":{"loc":{"start":{"line":49,"column":11},"end":{"line":53,"column":null}},"type":"binary-expr","locations":[{"start":{"line":49,"column":11},"end":{"line":49,"column":null}},{"start":{"line":50,"column":12},"end":{"line":53,"column":null}}],"line":49},"3":{"loc":{"start":{"line":86,"column":24},"end":{"line":86,"column":null}},"type":"cond-expr","locations":[{"start":{"line":86,"column":39},"end":{"line":86,"column":48}},{"start":{"line":86,"column":48},"end":{"line":86,"column":null}}],"line":86},"4":{"loc":{"start":{"line":99,"column":19},"end":{"line":102,"column":null}},"type":"cond-expr","locations":[{"start":{"line":100,"column":20},"end":{"line":100,"column":null}},{"start":{"line":102,"column":20},"end":{"line":102,"column":null}}],"line":99},"5":{"loc":{"start":{"line":113,"column":15},"end":{"line":113,"column":null}},"type":"cond-expr","locations":[{"start":{"line":113,"column":27},"end":{"line":113,"column":45}},{"start":{"line":113,"column":45},"end":{"line":113,"column":null}}],"line":113}},"s":{"0":59,"1":59,"2":59,"3":59,"4":59,"5":59,"6":59,"7":59,"8":59,"9":2,"10":2,"11":2,"12":2,"13":1,"14":1,"15":1,"16":59,"17":32,"18":16,"19":2},"f":{"0":59,"1":2,"2":32,"3":16,"4":2},"b":{"0":[59,59],"1":[1,0],"2":[59,1],"3":[1,58],"4":[1,58],"5":[1,58]},"meta":{"lastBranch":6,"lastFunction":5,"lastStatement":20,"seen":{"f:6:9:6:21":0,"s:7:27:7:Infinity":0,"s:8:8:8:Infinity":1,"s:9:8:9:Infinity":2,"s:11:24:11:Infinity":3,"s:12:30:12:Infinity":4,"s:13:38:13:Infinity":5,"s:14:24:14:Infinity":6,"s:16:16:17:Infinity":7,"b:16:16:17:18:17:18:17:Infinity":0,"s:19:23:33:Infinity":8,"f:19:23:19:30":1,"s:20:4:20:Infinity":9,"s:21:4:21:Infinity":10,"s:23:4:32:Infinity":11,"s:24:6:24:Infinity":12,"s:25:6:25:Infinity":13,"s:28:8:30:Infinity":14,"b:29:12:29:Infinity:30:12:30:Infinity":1,"s:31:6:31:Infinity":15,"s:35:2:130:Infinity":16,"b:49:11:49:Infinity:50:12:53:Infinity":2,"f:68:26:68:27":2,"s:68:33:68:Infinity":17,"b:86:39:86:48:86:48:86:Infinity":3,"f:88:28:88:29":3,"s:88:35:88:Infinity":18,"f:96:27:96:33":4,"s:96:33:96:Infinity":19,"b:100:20:100:Infinity:102:20:102:Infinity":4,"b:113:27:113:45:113:45:113:Infinity":5}}}
,"/home/tomon/projects/history-org/frontend/src/features/auth/types/auth.types.ts": {"path":"/home/tomon/projects/history-org/frontend/src/features/auth/types/auth.types.ts","statementMap":{"0":{"start":{"line":1,"column":7},"end":{"line":1,"column":null}},"1":{"start":{"line":2,"column":2},"end":{"line":2,"column":null}},"2":{"start":{"line":3,"column":2},"end":{"line":3,"column":null}},"3":{"start":{"line":4,"column":2},"end":{"line":4,"column":null}},"4":{"start":{"line":1,"column":12},"end":{"line":1,"column":null}}},"fnMap":{"0":{"name":"(anonymous_0)","decl":{"start":{"line":1,"column":7},"end":{"line":1,"column":12}},"loc":{"start":{"line":1,"column":7},"end":{"line":1,"column":null}},"line":1}},"branchMap":{"0":{"loc":{"start":{"line":1,"column":12},"end":{"line":1,"column":null}},"type":"binary-expr","locations":[{"start":{"line":1,"column":12},"end":{"line":1,"column":null}},{"start":{"line":1,"column":12},"end":{"line":1,"column":null}}],"line":1}},"s":{"0":1,"1":1,"2":1,"3":1,"4":1},"f":{"0":1},"b":{"0":[1,1]},"meta":{"lastBranch":1,"lastFunction":1,"lastStatement":5,"seen":{"s:1:7:1:Infinity":0,"f:1:7:1:12":0,"s:2:2:2:Infinity":1,"s:3:2:3:Infinity":2,"s:4:2:4:Infinity":3,"s:1:12:1:Infinity":4,"b:1:12:1:Infinity:1:12:1:Infinity":0}}}
,"/home/tomon/projects/history-org/frontend/src/features/ingestion/components/FileDropzone.tsx": {"path":"/home/tomon/projects/history-org/frontend/src/features/ingestion/components/FileDropzone.tsx","statementMap":{"0":{"start":{"line":19,"column":8},"end":{"line":26,"column":null}},"1":{"start":{"line":21,"column":6},"end":{"line":23,"column":null}},"2":{"start":{"line":22,"column":8},"end":{"line":22,"column":null}},"3":{"start":{"line":28,"column":66},"end":{"line":36,"column":null}},"4":{"start":{"line":38,"column":2},"end":{"line":109,"column":null}}},"fnMap":{"0":{"name":"FileDropzone","decl":{"start":{"line":13,"column":16},"end":{"line":13,"column":29}},"loc":{"start":{"line":18,"column":22},"end":{"line":111,"column":null}},"line":18},"1":{"name":"(anonymous_1)","decl":{"start":{"line":20,"column":4},"end":{"line":20,"column":5}},"loc":{"start":{"line":20,"column":31},"end":{"line":24,"column":null}},"line":20}},"branchMap":{"0":{"loc":{"start":{"line":16,"column":2},"end":{"line":16,"column":null}},"type":"default-arg","locations":[{"start":{"line":16,"column":13},"end":{"line":16,"column":null}}],"line":16},"1":{"loc":{"start":{"line":21,"column":6},"end":{"line":23,"column":null}},"type":"if","locations":[{"start":{"line":21,"column":6},"end":{"line":23,"column":null}},{"start":{},"end":{}}],"line":21},"2":{"loc":{"start":{"line":45,"column":10},"end":{"line":45,"column":null}},"type":"binary-expr","locations":[{"start":{"line":45,"column":10},"end":{"line":45,"column":26}},{"start":{"line":45,"column":26},"end":{"line":45,"column":43}},{"start":{"line":45,"column":43},"end":{"line":45,"column":null}}],"line":45},"3":{"loc":{"start":{"line":46,"column":10},"end":{"line":46,"column":null}},"type":"binary-expr","locations":[{"start":{"line":46,"column":10},"end":{"line":46,"column":26}},{"start":{"line":46,"column":26},"end":{"line":46,"column":null}}],"line":46},"4":{"loc":{"start":{"line":47,"column":10},"end":{"line":49,"column":null}},"type":"binary-expr","locations":[{"start":{"line":47,"column":10},"end":{"line":47,"column":null}},{"start":{"line":48,"column":12},"end":{"line":48,"column":null}},{"start":{"line":49,"column":12},"end":{"line":49,"column":null}}],"line":47},"5":{"loc":{"start":{"line":50,"column":10},"end":{"line":50,"column":null}},"type":"binary-expr","locations":[{"start":{"line":50,"column":10},"end":{"line":50,"column":26}},{"start":{"line":50,"column":26},"end":{"line":50,"column":43}},{"start":{"line":50,"column":43},"end":{"line":50,"column":null}}],"line":50},"6":{"loc":{"start":{"line":51,"column":10},"end":{"line":51,"column":null}},"type":"binary-expr","locations":[{"start":{"line":51,"column":10},"end":{"line":51,"column":22}},{"start":{"line":51,"column":22},"end":{"line":51,"column":null}}],"line":51},"7":{"loc":{"start":{"line":56,"column":9},"end":{"line":99,"column":null}},"type":"cond-expr","locations":[{"start":{"line":57,"column":10},"end":{"line":68,"column":null}},{"start":{"line":69,"column":12},"end":{"line":99,"column":null}}],"line":56},"8":{"loc":{"start":{"line":69,"column":12},"end":{"line":99,"column":null}},"type":"cond-expr","locations":[{"start":{"line":70,"column":10},"end":{"line":77,"column":null}},{"start":{"line":79,"column":10},"end":{"line":99,"column":null}}],"line":69},"9":{"loc":{"start":{"line":83,"column":16},"end":{"line":83,"column":null}},"type":"cond-expr","locations":[{"start":{"line":83,"column":31},"end":{"line":83,"column":49}},{"start":{"line":83,"column":49},"end":{"line":83,"column":null}}],"line":83},"10":{"loc":{"start":{"line":89,"column":18},"end":{"line":89,"column":null}},"type":"cond-expr","locations":[{"start":{"line":89,"column":33},"end":{"line":89,"column":53}},{"start":{"line":89,"column":53},"end":{"line":89,"column":null}}],"line":89},"11":{"loc":{"start":{"line":94,"column":15},"end":{"line":94,"column":null}},"type":"cond-expr","locations":[{"start":{"line":94,"column":30},"end":{"line":94,"column":54}},{"start":{"line":94,"column":54},"end":{"line":94,"column":null}}],"line":94},"12":{"loc":{"start":{"line":103,"column":7},"end":{"line":107,"column":null}},"type":"binary-expr","locations":[{"start":{"line":103,"column":7},"end":{"line":103,"column":null}},{"start":{"line":104,"column":8},"end":{"line":107,"column":null}}],"line":103}},"s":{"0":11,"1":1,"2":1,"3":11,"4":11},"f":{"0":11,"1":1},"b":{"0":[11],"1":[1,0],"2":[11,0,0],"3":[11,0],"4":[11,11,9],"5":[11,2,2],"6":[11,1],"7":[2,9],"8":[0,9],"9":[0,9],"10":[0,9],"11":[0,9],"12":[11,1]},"meta":{"lastBranch":13,"lastFunction":2,"lastStatement":5,"seen":{"f:13:16:13:29":0,"b:16:13:16:Infinity":0,"s:19:8:26:Infinity":0,"f:20:4:20:5":1,"b:21:6:23:Infinity:undefined:undefined:undefined:undefined":1,"s:21:6:23:Infinity":1,"s:22:8:22:Infinity":2,"s:28:66:36:Infinity":3,"s:38:2:109:Infinity":4,"b:45:10:45:26:45:26:45:43:45:43:45:Infinity":2,"b:46:10:46:26:46:26:46:Infinity":3,"b:47:10:47:Infinity:48:12:48:Infinity:49:12:49:Infinity":4,"b:50:10:50:26:50:26:50:43:50:43:50:Infinity":5,"b:51:10:51:22:51:22:51:Infinity":6,"b:57:10:68:Infinity:69:12:99:Infinity":7,"b:70:10:77:Infinity:79:10:99:Infinity":8,"b:83:31:83:49:83:49:83:Infinity":9,"b:89:33:89:53:89:53:89:Infinity":10,"b:94:30:94:54:94:54:94:Infinity":11,"b:103:7:103:Infinity:104:8:107:Infinity":12}}}
,"/home/tomon/projects/history-org/frontend/src/features/knowledge/components/EventCard.tsx": {"path":"/home/tomon/projects/history-org/frontend/src/features/knowledge/components/EventCard.tsx","statementMap":{"0":{"start":{"line":10,"column":2},"end":{"line":10,"column":null}},"1":{"start":{"line":10,"column":24},"end":{"line":10,"column":null}},"2":{"start":{"line":12,"column":21},"end":{"line":22,"column":null}},"3":{"start":{"line":13,"column":4},"end":{"line":21,"column":null}},"4":{"start":{"line":14,"column":6},"end":{"line":18,"column":null}},"5":{"start":{"line":20,"column":6},"end":{"line":20,"column":null}},"6":{"start":{"line":24,"column":20},"end":{"line":24,"column":null}},"7":{"start":{"line":26,"column":2},"end":{"line":29,"column":null}},"8":{"start":{"line":27,"column":20},"end":{"line":27,"column":null}},"9":{"start":{"line":28,"column":4},"end":{"line":28,"column":null}},"10":{"start":{"line":31,"column":2},"end":{"line":31,"column":null}},"11":{"start":{"line":35,"column":22},"end":{"line":35,"column":null}},"12":{"start":{"line":37,"column":2},"end":{"line":110,"column":null}},"13":{"start":{"line":88,"column":18},"end":{"line":98,"column":null}}},"fnMap":{"0":{"name":"formatEventDate","decl":{"start":{"line":9,"column":9},"end":{"line":9,"column":25}},"loc":{"start":{"line":9,"column":64},"end":{"line":32,"column":null}},"line":9},"1":{"name":"(anonymous_1)","decl":{"start":{"line":12,"column":21},"end":{"line":12,"column":22}},"loc":{"start":{"line":12,"column":42},"end":{"line":22,"column":null}},"line":12},"2":{"name":"EventCard","decl":{"start":{"line":34,"column":16},"end":{"line":34,"column":26}},"loc":{"start":{"line":34,"column":62},"end":{"line":112,"column":null}},"line":34},"3":{"name":"(anonymous_3)","decl":{"start":{"line":87,"column":47},"end":{"line":87,"column":48}},"loc":{"start":{"line":88,"column":18},"end":{"line":98,"column":null}},"line":88}},"branchMap":{"0":{"loc":{"start":{"line":10,"column":2},"end":{"line":10,"column":null}},"type":"if","locations":[{"start":{"line":10,"column":2},"end":{"line":10,"column":null}},{"start":{},"end":{}}],"line":10},"1":{"loc":{"start":{"line":26,"column":2},"end":{"line":29,"column":null}},"type":"if","locations":[{"start":{"line":26,"column":2},"end":{"line":29,"column":null}},{"start":{},"end":{}}],"line":26},"2":{"loc":{"start":{"line":26,"column":6},"end":{"line":26,"column":58}},"type":"binary-expr","locations":[{"start":{"line":26,"column":6},"end":{"line":26,"column":23}},{"start":{"line":26,"column":23},"end":{"line":26,"column":58}}],"line":26},"3":{"loc":{"start":{"line":43,"column":10},"end":{"line":43,"column":64}},"type":"cond-expr","locations":[{"start":{"line":43,"column":20},"end":{"line":43,"column":62}},{"start":{"line":43,"column":62},"end":{"line":43,"column":64}}],"line":43},"4":{"loc":{"start":{"line":57,"column":13},"end":{"line":66,"column":null}},"type":"binary-expr","locations":[{"start":{"line":57,"column":13},"end":{"line":57,"column":null}},{"start":{"line":58,"column":14},"end":{"line":66,"column":null}}],"line":57},"5":{"loc":{"start":{"line":61,"column":17},"end":{"line":64,"column":null}},"type":"binary-expr","locations":[{"start":{"line":61,"column":17},"end":{"line":61,"column":35}},{"start":{"line":61,"column":35},"end":{"line":61,"column":null}},{"start":{"line":62,"column":18},"end":{"line":64,"column":null}}],"line":61},"6":{"loc":{"start":{"line":69,"column":13},"end":{"line":73,"column":null}},"type":"binary-expr","locations":[{"start":{"line":69,"column":13},"end":{"line":69,"column":null}},{"start":{"line":70,"column":14},"end":{"line":73,"column":null}}],"line":69},"7":{"loc":{"start":{"line":77,"column":11},"end":{"line":80,"column":null}},"type":"binary-expr","locations":[{"start":{"line":77,"column":11},"end":{"line":77,"column":null}},{"start":{"line":78,"column":12},"end":{"line":80,"column":null}}],"line":77},"8":{"loc":{"start":{"line":83,"column":11},"end":{"line":106,"column":null}},"type":"binary-expr","locations":[{"start":{"line":83,"column":11},"end":{"line":83,"column":null}},{"start":{"line":84,"column":12},"end":{"line":106,"column":null}}],"line":83},"9":{"loc":{"start":{"line":93,"column":21},"end":{"line":96,"column":null}},"type":"binary-expr","locations":[{"start":{"line":93,"column":21},"end":{"line":93,"column":null}},{"start":{"line":94,"column":22},"end":{"line":96,"column":null}}],"line":93},"10":{"loc":{"start":{"line":100,"column":17},"end":{"line":103,"column":null}},"type":"binary-expr","locations":[{"start":{"line":100,"column":17},"end":{"line":100,"column":null}},{"start":{"line":101,"column":18},"end":{"line":103,"column":null}}],"line":100}},"s":{"0":10,"1":1,"2":9,"3":10,"4":10,"5":0,"6":9,"7":9,"8":1,"9":1,"10":8,"11":10,"12":10,"13":19},"f":{"0":10,"1":10,"2":10,"3":19},"b":{"0":[1,9],"1":[1,8],"2":[9,9],"3":[1,9],"4":[10,9],"5":[9,9,0],"6":[10,9],"7":[10,9],"8":[10,9],"9":[19,16],"10":[9,1]},"meta":{"lastBranch":11,"lastFunction":4,"lastStatement":14,"seen":{"f:9:9:9:25":0,"b:10:2:10:Infinity:undefined:undefined:undefined:undefined":0,"s:10:2:10:Infinity":0,"s:10:24:10:Infinity":1,"s:12:21:22:Infinity":2,"f:12:21:12:22":1,"s:13:4:21:Infinity":3,"s:14:6:18:Infinity":4,"s:20:6:20:Infinity":5,"s:24:20:24:Infinity":6,"b:26:2:29:Infinity:undefined:undefined:undefined:undefined":1,"s:26:2:29:Infinity":7,"b:26:6:26:23:26:23:26:58":2,"s:27:20:27:Infinity":8,"s:28:4:28:Infinity":9,"s:31:2:31:Infinity":10,"f:34:16:34:26":2,"s:35:22:35:Infinity":11,"s:37:2:110:Infinity":12,"b:43:20:43:62:43:62:43:64":3,"b:57:13:57:Infinity:58:14:66:Infinity":4,"b:61:17:61:35:61:35:61:Infinity:62:18:64:Infinity":5,"b:69:13:69:Infinity:70:14:73:Infinity":6,"b:77:11:77:Infinity:78:12:80:Infinity":7,"b:83:11:83:Infinity:84:12:106:Infinity":8,"f:87:47:87:48":3,"s:88:18:98:Infinity":13,"b:93:21:93:Infinity:94:22:96:Infinity":9,"b:100:17:100:Infinity:101:18:103:Infinity":10}}}
,"/home/tomon/projects/history-org/frontend/src/features/knowledge/components/PersonCard.tsx": {"path":"/home/tomon/projects/history-org/frontend/src/features/knowledge/components/PersonCard.tsx","statementMap":{"0":{"start":{"line":10,"column":2},"end":{"line":10,"column":null}},"1":{"start":{"line":10,"column":19},"end":{"line":10,"column":null}},"2":{"start":{"line":11,"column":2},"end":{"line":19,"column":null}},"3":{"start":{"line":12,"column":4},"end":{"line":16,"column":null}},"4":{"start":{"line":18,"column":4},"end":{"line":18,"column":null}},"5":{"start":{"line":23,"column":20},"end":{"line":23,"column":null}},"6":{"start":{"line":24,"column":20},"end":{"line":24,"column":null}},"7":{"start":{"line":26,"column":4},"end":{"line":32,"column":null}},"8":{"start":{"line":34,"column":2},"end":{"line":93,"column":null}}},"fnMap":{"0":{"name":"formatDate","decl":{"start":{"line":9,"column":9},"end":{"line":9,"column":20}},"loc":{"start":{"line":9,"column":56},"end":{"line":20,"column":null}},"line":9},"1":{"name":"PersonCard","decl":{"start":{"line":22,"column":16},"end":{"line":22,"column":27}},"loc":{"start":{"line":22,"column":65},"end":{"line":95,"column":null}},"line":22}},"branchMap":{"0":{"loc":{"start":{"line":10,"column":2},"end":{"line":10,"column":null}},"type":"if","locations":[{"start":{"line":10,"column":2},"end":{"line":10,"column":null}},{"start":{},"end":{}}],"line":10},"1":{"loc":{"start":{"line":26,"column":4},"end":{"line":32,"column":null}},"type":"cond-expr","locations":[{"start":{"line":27,"column":8},"end":{"line":27,"column":null}},{"start":{"line":28,"column":8},"end":{"line":32,"column":null}}],"line":26},"2":{"loc":{"start":{"line":26,"column":4},"end":{"line":26,"column":null}},"type":"binary-expr","locations":[{"start":{"line":26,"column":4},"end":{"line":26,"column":17}},{"start":{"line":26,"column":17},"end":{"line":26,"column":null}}],"line":26},"3":{"loc":{"start":{"line":28,"column":8},"end":{"line":32,"column":null}},"type":"cond-expr","locations":[{"start":{"line":29,"column":10},"end":{"line":29,"column":null}},{"start":{"line":30,"column":10},"end":{"line":32,"column":null}}],"line":28},"4":{"loc":{"start":{"line":30,"column":10},"end":{"line":32,"column":null}},"type":"cond-expr","locations":[{"start":{"line":31,"column":12},"end":{"line":31,"column":null}},{"start":{"line":32,"column":12},"end":{"line":32,"column":null}}],"line":30},"5":{"loc":{"start":{"line":40,"column":10},"end":{"line":40,"column":65}},"type":"cond-expr","locations":[{"start":{"line":40,"column":20},"end":{"line":40,"column":63}},{"start":{"line":40,"column":63},"end":{"line":40,"column":65}}],"line":40},"6":{"loc":{"start":{"line":54,"column":15},"end":{"line":57,"column":null}},"type":"binary-expr","locations":[{"start":{"line":54,"column":15},"end":{"line":54,"column":null}},{"start":{"line":55,"column":16},"end":{"line":57,"column":null}}],"line":54},"7":{"loc":{"start":{"line":62,"column":11},"end":{"line":66,"column":null}},"type":"binary-expr","locations":[{"start":{"line":62,"column":11},"end":{"line":62,"column":null}},{"start":{"line":63,"column":12},"end":{"line":66,"column":null}}],"line":62},"8":{"loc":{"start":{"line":69,"column":11},"end":{"line":72,"column":null}},"type":"binary-expr","locations":[{"start":{"line":69,"column":11},"end":{"line":69,"column":null}},{"start":{"line":70,"column":12},"end":{"line":72,"column":null}}],"line":69},"9":{"loc":{"start":{"line":72,"column":12},"end":{"line":89,"column":null}},"type":"binary-expr","locations":[{"start":{"line":75,"column":12},"end":{"line":75,"column":40}},{"start":{"line":75,"column":40},"end":{"line":75,"column":null}},{"start":{"line":76,"column":12},"end":{"line":89,"column":null}}],"line":72},"10":{"loc":{"start":{"line":77,"column":15},"end":{"line":81,"column":null}},"type":"binary-expr","locations":[{"start":{"line":77,"column":15},"end":{"line":77,"column":null}},{"start":{"line":78,"column":16},"end":{"line":81,"column":null}}],"line":77},"11":{"loc":{"start":{"line":83,"column":15},"end":{"line":87,"column":null}},"type":"binary-expr","locations":[{"start":{"line":83,"column":15},"end":{"line":83,"column":null}},{"start":{"line":84,"column":16},"end":{"line":87,"column":null}}],"line":83}},"s":{"0":16,"1":2,"2":14,"3":14,"4":0,"5":8,"6":8,"7":8,"8":8},"f":{"0":16,"1":8},"b":{"0":[2,14],"1":[7,1],"2":[8,7],"3":[0,1],"4":[0,1],"5":[1,7],"6":[8,7],"7":[8,7],"8":[8,7],"9":[8,1,7],"10":[7,7],"11":[7,7]},"meta":{"lastBranch":12,"lastFunction":2,"lastStatement":9,"seen":{"f:9:9:9:20":0,"b:10:2:10:Infinity:undefined:undefined:undefined:undefined":0,"s:10:2:10:Infinity":0,"s:10:19:10:Infinity":1,"s:11:2:19:Infinity":2,"s:12:4:16:Infinity":3,"s:18:4:18:Infinity":4,"f:22:16:22:27":1,"s:23:20:23:Infinity":5,"s:24:20:24:Infinity":6,"s:26:4:32:Infinity":7,"b:27:8:27:Infinity:28:8:32:Infinity":1,"b:26:4:26:17:26:17:26:Infinity":2,"b:29:10:29:Infinity:30:10:32:Infinity":3,"b:31:12:31:Infinity:32:12:32:Infinity":4,"s:34:2:93:Infinity":8,"b:40:20:40:63:40:63:40:65":5,"b:54:15:54:Infinity:55:16:57:Infinity":6,"b:62:11:62:Infinity:63:12:66:Infinity":7,"b:69:11:69:Infinity:70:12:72:Infinity":8,"b:75:12:75:40:75:40:75:Infinity:76:12:89:Infinity":9,"b:77:15:77:Infinity:78:16:81:Infinity":10,"b:83:15:83:Infinity:84:16:87:Infinity":11}}}
,"/home/tomon/projects/history-org/frontend/src/features/knowledge/components/SearchInput.tsx": {"path":"/home/tomon/projects/history-org/frontend/src/features/knowledge/components/SearchInput.tsx","statementMap":{"0":{"start":{"line":19,"column":8},"end":{"line":19,"column":null}},"1":{"start":{"line":21,"column":2},"end":{"line":25,"column":null}},"2":{"start":{"line":22,"column":4},"end":{"line":24,"column":null}},"3":{"start":{"line":23,"column":6},"end":{"line":23,"column":null}},"4":{"start":{"line":27,"column":2},"end":{"line":66,"column":null}},"5":{"start":{"line":41,"column":25},"end":{"line":41,"column":null}},"6":{"start":{"line":56,"column":25},"end":{"line":56,"column":null}}},"fnMap":{"0":{"name":"SearchInput","decl":{"start":{"line":12,"column":16},"end":{"line":12,"column":28}},"loc":{"start":{"line":18,"column":21},"end":{"line":68,"column":null}},"line":18},"1":{"name":"(anonymous_1)","decl":{"start":{"line":21,"column":12},"end":{"line":21,"column":18}},"loc":{"start":{"line":21,"column":18},"end":{"line":25,"column":5}},"line":21},"2":{"name":"(anonymous_2)","decl":{"start":{"line":41,"column":18},"end":{"line":41,"column":19}},"loc":{"start":{"line":41,"column":25},"end":{"line":41,"column":null}},"line":41},"3":{"name":"(anonymous_3)","decl":{"start":{"line":56,"column":19},"end":{"line":56,"column":25}},"loc":{"start":{"line":56,"column":25},"end":{"line":56,"column":null}},"line":56}},"branchMap":{"0":{"loc":{"start":{"line":15,"column":2},"end":{"line":15,"column":null}},"type":"default-arg","locations":[{"start":{"line":15,"column":16},"end":{"line":15,"column":null}}],"line":15},"1":{"loc":{"start":{"line":16,"column":2},"end":{"line":16,"column":null}},"type":"default-arg","locations":[{"start":{"line":16,"column":14},"end":{"line":16,"column":null}}],"line":16},"2":{"loc":{"start":{"line":17,"column":2},"end":{"line":17,"column":null}},"type":"default-arg","locations":[{"start":{"line":17,"column":14},"end":{"line":17,"column":null}}],"line":17},"3":{"loc":{"start":{"line":22,"column":4},"end":{"line":24,"column":null}},"type":"if","locations":[{"start":{"line":22,"column":4},"end":{"line":24,"column":null}},{"start":{},"end":{}}],"line":22},"4":{"loc":{"start":{"line":22,"column":8},"end":{"line":22,"column":39}},"type":"binary-expr","locations":[{"start":{"line":22,"column":8},"end":{"line":22,"column":21}},{"start":{"line":22,"column":21},"end":{"line":22,"column":39}}],"line":22},"5":{"loc":{"start":{"line":30,"column":9},"end":{"line":33,"column":null}},"type":"cond-expr","locations":[{"start":{"line":31,"column":10},"end":{"line":31,"column":null}},{"start":{"line":33,"column":10},"end":{"line":33,"column":null}}],"line":30},"6":{"loc":{"start":{"line":53,"column":7},"end":{"line":64,"column":null}},"type":"binary-expr","locations":[{"start":{"line":53,"column":7},"end":{"line":53,"column":null}},{"start":{"line":54,"column":8},"end":{"line":64,"column":null}}],"line":53}},"s":{"0":9,"1":9,"2":9,"3":1,"4":9,"5":1,"6":1},"f":{"0":9,"1":9,"2":1,"3":1},"b":{"0":[9],"1":[9],"2":[9],"3":[1,8],"4":[9,1],"5":[1,8],"6":[9,4]},"meta":{"lastBranch":7,"lastFunction":4,"lastStatement":7,"seen":{"f:12:16:12:28":0,"b:15:16:15:Infinity":0,"b:16:14:16:Infinity":1,"b:17:14:17:Infinity":2,"s:19:8:19:Infinity":0,"s:21:2:25:Infinity":1,"f:21:12:21:18":1,"b:22:4:24:Infinity:undefined:undefined:undefined:undefined":3,"s:22:4:24:Infinity":2,"b:22:8:22:21:22:21:22:39":4,"s:23:6:23:Infinity":3,"s:27:2:66:Infinity":4,"b:31:10:31:Infinity:33:10:33:Infinity":5,"f:41:18:41:19":2,"s:41:25:41:Infinity":5,"b:53:7:53:Infinity:54:8:64:Infinity":6,"f:56:19:56:25":3,"s:56:25:56:Infinity":6}}}
,"/home/tomon/projects/history-org/frontend/src/lib/axios.ts": {"path":"/home/tomon/projects/history-org/frontend/src/lib/axios.ts","statementMap":{"0":{"start":{"line":3,"column":18},"end":{"line":3,"column":null}},"1":{"start":{"line":5,"column":25},"end":{"line":10,"column":null}},"2":{"start":{"line":13,"column":0},"end":{"line":24,"column":null}},"3":{"start":{"line":15,"column":18},"end":{"line":15,"column":null}},"4":{"start":{"line":16,"column":4},"end":{"line":18,"column":null}},"5":{"start":{"line":17,"column":6},"end":{"line":17,"column":null}},"6":{"start":{"line":19,"column":4},"end":{"line":19,"column":null}},"7":{"start":{"line":22,"column":4},"end":{"line":22,"column":null}},"8":{"start":{"line":27,"column":0},"end":{"line":74,"column":null}},"9":{"start":{"line":29,"column":4},"end":{"line":29,"column":null}},"10":{"start":{"line":33,"column":4},"end":{"line":72,"column":null}},"11":{"start":{"line":34,"column":21},"end":{"line":34,"column":null}},"12":{"start":{"line":35,"column":19},"end":{"line":35,"column":null}},"13":{"start":{"line":38,"column":6},"end":{"line":47,"column":null}},"14":{"start":{"line":40,"column":8},"end":{"line":40,"column":null}},"15":{"start":{"line":41,"column":8},"end":{"line":41,"column":null}},"16":{"start":{"line":44,"column":8},"end":{"line":46,"column":null}},"17":{"start":{"line":45,"column":10},"end":{"line":45,"column":null}},"18":{"start":{"line":51,"column":8},"end":{"line":60,"column":null}},"19":{"start":{"line":62,"column":28},"end":{"line":62,"column":null}},"20":{"start":{"line":63,"column":6},"end":{"line":63,"column":null}},"21":{"start":{"line":64,"column":4},"end":{"line":72,"column":null}},"22":{"start":{"line":66,"column":6},"end":{"line":66,"column":null}},"23":{"start":{"line":67,"column":6},"end":{"line":67,"column":null}},"24":{"start":{"line":70,"column":6},"end":{"line":70,"column":null}},"25":{"start":{"line":71,"column":6},"end":{"line":71,"column":null}}},"fnMap":{"0":{"name":"(anonymous_0)","decl":{"start":{"line":14,"column":2},"end":{"line":14,"column":3}},"loc":{"start":{"line":14,"column":14},"end":{"line":20,"column":null}},"line":14},"1":{"name":"(anonymous_1)","decl":{"start":{"line":21,"column":2},"end":{"line":21,"column":3}},"loc":{"start":{"line":21,"column":13},"end":{"line":23,"column":null}},"line":21},"2":{"name":"(anonymous_2)","decl":{"start":{"line":28,"column":2},"end":{"line":28,"column":3}},"loc":{"start":{"line":28,"column":16},"end":{"line":30,"column":null}},"line":28},"3":{"name":"(anonymous_3)","decl":{"start":{"line":31,"column":2},"end":{"line":31,"column":3}},"loc":{"start":{"line":31,"column":13},"end":{"line":73,"column":null}},"line":31}},"branchMap":{"0":{"loc":{"start":{"line":16,"column":4},"end":{"line":18,"column":null}},"type":"if","locations":[{"start":{"line":16,"column":4},"end":{"line":18,"column":null}},{"start":{},"end":{}}],"line":16},"1":{"loc":{"start":{"line":33,"column":4},"end":{"line":72,"column":null}},"type":"if","locations":[{"start":{"line":33,"column":4},"end":{"line":72,"column":null}},{"start":{"line":64,"column":4},"end":{"line":72,"column":null}}],"line":33},"2":{"loc":{"start":{"line":38,"column":6},"end":{"line":47,"column":null}},"type":"if","locations":[{"start":{"line":38,"column":6},"end":{"line":47,"column":null}},{"start":{},"end":{}}],"line":38},"3":{"loc":{"start":{"line":44,"column":8},"end":{"line":46,"column":null}},"type":"if","locations":[{"start":{"line":44,"column":8},"end":{"line":46,"column":null}},{"start":{},"end":{}}],"line":44},"4":{"loc":{"start":{"line":51,"column":8},"end":{"line":60,"column":null}},"type":"binary-expr","locations":[{"start":{"line":51,"column":8},"end":{"line":51,"column":null}},{"start":{"line":52,"column":9},"end":{"line":60,"column":null}}],"line":51},"5":{"loc":{"start":{"line":52,"column":9},"end":{"line":60,"column":null}},"type":"cond-expr","locations":[{"start":{"line":53,"column":12},"end":{"line":53,"column":null}},{"start":{"line":54,"column":12},"end":{"line":60,"column":null}}],"line":52},"6":{"loc":{"start":{"line":54,"column":12},"end":{"line":60,"column":null}},"type":"cond-expr","locations":[{"start":{"line":55,"column":14},"end":{"line":55,"column":null}},{"start":{"line":56,"column":14},"end":{"line":60,"column":null}}],"line":54},"7":{"loc":{"start":{"line":56,"column":14},"end":{"line":60,"column":null}},"type":"cond-expr","locations":[{"start":{"line":57,"column":16},"end":{"line":57,"column":null}},{"start":{"line":58,"column":16},"end":{"line":60,"column":null}}],"line":56},"8":{"loc":{"start":{"line":58,"column":16},"end":{"line":60,"column":null}},"type":"cond-expr","locations":[{"start":{"line":59,"column":18},"end":{"line":59,"column":null}},{"start":{"line":60,"column":18},"end":{"line":60,"column":null}}],"line":58},"9":{"loc":{"start":{"line":64,"column":4},"end":{"line":72,"column":null}},"type":"if","locations":[{"start":{"line":64,"column":4},"end":{"line":72,"column":null}},{"start":{"line":68,"column":11},"end":{"line":72,"column":null}}],"line":64}},"s":{"0":1,"1":1,"2":1,"3":0,"4":0,"5":0,"6":0,"7":0,"8":1,"9":0,"10":0,"11":0,"12":0,"13":0,"14":0,"15":0,"16":0,"17":0,"18":0,"19":0,"20":0,"21":0,"22":0,"23":0,"24":0,"25":0},"f":{"0":0,"1":0,"2":0,"3":0},"b":{"0":[0,0],"1":[0,0],"2":[0,0],"3":[0,0],"4":[0,0],"5":[0,0],"6":[0,0],"7":[0,0],"8":[0,0],"9":[0,0]},"meta":{"lastBranch":10,"lastFunction":4,"lastStatement":26,"seen":{"s:3:18:3:Infinity":0,"s:5:25:10:Infinity":1,"s:13:0:24:Infinity":2,"f:14:2:14:3":0,"s:15:18:15:Infinity":3,"b:16:4:18:Infinity:undefined:undefined:undefined:undefined":0,"s:16:4:18:Infinity":4,"s:17:6:17:Infinity":5,"s:19:4:19:Infinity":6,"f:21:2:21:3":1,"s:22:4:22:Infinity":7,"s:27:0:74:Infinity":8,"f:28:2:28:3":2,"s:29:4:29:Infinity":9,"f:31:2:31:3":3,"b:33:4:72:Infinity:64:4:72:Infinity":1,"s:33:4:72:Infinity":10,"s:34:21:34:Infinity":11,"s:35:19:35:Infinity":12,"b:38:6:47:Infinity:undefined:undefined:undefined:undefined":2,"s:38:6:47:Infinity":13,"s:40:8:40:Infinity":14,"s:41:8:41:Infinity":15,"b:44:8:46:Infinity:undefined:undefined:undefined:undefined":3,"s:44:8:46:Infinity":16,"s:45:10:45:Infinity":17,"s:51:8:60:Infinity":18,"b:51:8:51:Infinity:52:9:60:Infinity":4,"b:53:12:53:Infinity:54:12:60:Infinity":5,"b:55:14:55:Infinity:56:14:60:Infinity":6,"b:57:16:57:Infinity:58:16:60:Infinity":7,"b:59:18:59:Infinity:60:18:60:Infinity":8,"s:62:28:62:Infinity":19,"s:63:6:63:Infinity":20,"b:64:4:72:Infinity:68:11:72:Infinity":9,"s:64:4:72:Infinity":21,"s:66:6:66:Infinity":22,"s:67:6:67:Infinity":23,"s:70:6:70:Infinity":24,"s:71:6:71:Infinity":25}}}
}
